app/manifest-merger-release-report.txt
-- Merging decision tree log ---
manifest
ADDED from AndroidManifest.xml:2:1
	xmlns:android
		ADDED from AndroidManifest.xml:2:11
	package
		ADDED from AndroidManifest.xml:3:5
		INJECTED from AndroidManifest.xml:0:0
		INJECTED from AndroidManifest.xml:0:0
	android:versionName
		ADDED from AndroidManifest.xml:6:5
		INJECTED from AndroidManifest.xml:0:0
		INJECTED from AndroidManifest.xml:0:0
	android:versionCode
		ADDED from AndroidManifest.xml:5:5
		INJECTED from AndroidManifest.xml:0:0
		INJECTED from AndroidManifest.xml:0:0
	android:installLocation
		ADDED from AndroidManifest.xml:4:5
uses-sdk
ADDED from AndroidManifest.xml:8:5
MERGED from com.google.android.gms:play-services:6.1.71:15:5
MERGED from com.android.support:support-v4:20.0.0:16:5
	android:targetSdkVersion
		ADDED from AndroidManifest.xml:10:9
		INJECTED from AndroidManifest.xml:0:0
		INJECTED from AndroidManifest.xml:0:0
	android:minSdkVersion
		ADDED from AndroidManifest.xml:9:9
		INJECTED from AndroidManifest.xml:0:0
		INJECTED from AndroidManifest.xml:0:0
uses-permission#android.permission.INTERNET
ADDED from AndroidManifest.xml:12:5
	android:name
		ADDED from AndroidManifest.xml:12:22
uses-permission#android.permission.READ_PHONE_STATE
ADDED from AndroidManifest.xml:13:5
	android:name
		ADDED from AndroidManifest.xml:13:22
uses-permission#com.android.alarm.permission.SET_ALARM
ADDED from AndroidManifest.xml:14:5
	android:name
		ADDED from AndroidManifest.xml:14:22
uses-permission#android.permission.ACCESS_NETWORK_STATE
ADDED from AndroidManifest.xml:15:6
	android:name
		ADDED from AndroidManifest.xml:15:23
uses-permission#android.permission.LOCATION
ADDED from AndroidManifest.xml:16:5
	android:name
		ADDED from AndroidManifest.xml:16:22
uses-permission#android.permission.VIBRATE
ADDED from AndroidManifest.xml:17:5
	android:name
		ADDED from AndroidManifest.xml:17:22
uses-permission#android.permission.WRITE_EXTERNAL_STORAGE
ADDED from AndroidManifest.xml:18:5
	android:name
		ADDED from AndroidManifest.xml:18:22
uses-permission#android.permission.ACCESS_FINE_LOCATION
ADDED from AndroidManifest.xml:19:5
	android:name
		ADDED from AndroidManifest.xml:19:22
uses-permission#android.permission.ACCESS_GPS
ADDED from AndroidManifest.xml:21:5
	android:name
		ADDED from AndroidManifest.xml:21:22
uses-permission#android.permission.ACCESS_LOCATION
ADDED from AndroidManifest.xml:23:5
	android:name
		ADDED from AndroidManifest.xml:23:22
uses-permission#android.permission.ACCESS_ASSISTED_GPS
ADDED from AndroidManifest.xml:25:5
	android:name
		ADDED from AndroidManifest.xml:25:22
uses-permission#android.permission.CLEAR_APP_CACHE
ADDED from AndroidManifest.xml:26:5
	android:name
		ADDED from AndroidManifest.xml:26:22
supports-screens
ADDED from AndroidManifest.xml:30:5
	android:resizeable
		ADDED from AndroidManifest.xml:34:9
	android:largeScreens
		ADDED from AndroidManifest.xml:32:9
	android:anyDensity
		ADDED from AndroidManifest.xml:31:9
	android:normalScreens
		ADDED from AndroidManifest.xml:33:9
	android:smallScreens
		ADDED from AndroidManifest.xml:35:9
application
ADDED from AndroidManifest.xml:37:5
MERGED from com.google.android.gms:play-services:6.1.71:16:5
MERGED from com.android.support:support-v4:20.0.0:17:5
	android:label
		ADDED from AndroidManifest.xml:41:9
	android:allowBackup
		ADDED from AndroidManifest.xml:39:9
	android:icon
		ADDED from AndroidManifest.xml:40:9
	android:theme
		ADDED from AndroidManifest.xml:42:9
	android:name
		ADDED from AndroidManifest.xml:38:9
activity#com.cbo.cbomobilereporting.ui.Welcome
ADDED from AndroidManifest.xml:43:9
	android:configChanges
		ADDED from AndroidManifest.xml:45:13
	android:name
		ADDED from AndroidManifest.xml:44:13
intent-filter#android.intent.action.MAIN+android.intent.category.LAUNCHER
ADDED from AndroidManifest.xml:46:13
action#android.intent.action.MAIN
ADDED from AndroidManifest.xml:47:17
	android:name
		ADDED from AndroidManifest.xml:47:25
category#android.intent.category.LAUNCHER
ADDED from AndroidManifest.xml:49:17
	android:name
		ADDED from AndroidManifest.xml:49:27
activity#com.cbo.cbomobilereporting.ui.MainMenu
ADDED from AndroidManifest.xml:52:9
	android:configChanges
		ADDED from AndroidManifest.xml:54:13
	android:name
		ADDED from AndroidManifest.xml:53:13
activity#com.cbo.cbomobilereporting.ui.EditLeave
ADDED from AndroidManifest.xml:55:9
	android:windowSoftInputMode
		ADDED from AndroidManifest.xml:57:13
	android:configChanges
		ADDED from AndroidManifest.xml:58:13
	android:name
		ADDED from AndroidManifest.xml:56:13
activity#com.cbo.cbomobilereporting.ui.CaptureSignature
ADDED from AndroidManifest.xml:61:1
	android:configChanges
		ADDED from AndroidManifest.xml:62:5
	android:name
		ADDED from AndroidManifest.xml:61:11
activity#com.cbo.cbomobilereporting.ui.LoginMain
ADDED from AndroidManifest.xml:63:9
	android:configChanges
		ADDED from AndroidManifest.xml:65:13
	android:name
		ADDED from AndroidManifest.xml:64:13
activity#com.cbo.cbomobilereporting.ui.DcrMenu
ADDED from AndroidManifest.xml:66:9
	android:configChanges
		ADDED from AndroidManifest.xml:68:13
	android:name
		ADDED from AndroidManifest.xml:67:13
activity#com.cbo.cbomobilereporting.ui_new.dcr_activities.area.DcrOpen
ADDED from AndroidManifest.xml:69:9
	android:configChanges
		ADDED from AndroidManifest.xml:71:13
	android:name
		ADDED from AndroidManifest.xml:70:13
activity#com.cbo.cbomobilereporting.ui_new.dcr_activities.DrCall
ADDED from AndroidManifest.xml:72:9
	android:configChanges
		ADDED from AndroidManifest.xml:74:13
	android:name
		ADDED from AndroidManifest.xml:73:13
activity#com.cbo.cbomobilereporting.ui.Comming_Soon
ADDED from AndroidManifest.xml:75:9
	android:configChanges
		ADDED from AndroidManifest.xml:77:13
	android:name
		ADDED from AndroidManifest.xml:76:13
activity#com.cbo.cbomobilereporting.ui.TransActions
ADDED from AndroidManifest.xml:79:9
	android:configChanges
		ADDED from AndroidManifest.xml:81:13
	android:name
		ADDED from AndroidManifest.xml:80:13
activity#com.cbo.cbomobilereporting.ui_new.report_activities.DashboardReport
ADDED from AndroidManifest.xml:83:9
	android:configChanges
		ADDED from AndroidManifest.xml:85:13
	android:name
		ADDED from AndroidManifest.xml:84:13
activity#com.cbo.cbomobilereporting.ui_new.personal_activities.Add_Delete_Leave
ADDED from AndroidManifest.xml:87:9
	android:configChanges
		ADDED from AndroidManifest.xml:89:13
	android:name
		ADDED from AndroidManifest.xml:88:13
activity#com.cbo.cbomobilereporting.ui_new.transaction_activities.ComplaintView
ADDED from AndroidManifest.xml:95:9
	android:configChanges
		ADDED from AndroidManifest.xml:96:13
	android:name
		ADDED from AndroidManifest.xml:95:19
activity#com.cbo.cbomobilereporting.ui_new.transaction_activities.Complaint
ADDED from AndroidManifest.xml:97:9
	android:configChanges
		ADDED from AndroidManifest.xml:98:13
	android:name
		ADDED from AndroidManifest.xml:97:19
activity#com.cbo.cbomobilereporting.ui_new.dcr_activities.ChemistCall
ADDED from AndroidManifest.xml:99:9
	android:configChanges
		ADDED from AndroidManifest.xml:101:13
	android:name
		ADDED from AndroidManifest.xml:100:13
activity#com.cbo.cbomobilereporting.ui_new.dcr_activities.StockistCall
ADDED from AndroidManifest.xml:102:9
	android:configChanges
		ADDED from AndroidManifest.xml:104:13
	android:name
		ADDED from AndroidManifest.xml:103:13
activity#com.cbo.cbomobilereporting.ui_new.dcr_activities.area.Expense
ADDED from AndroidManifest.xml:105:9
	android:configChanges
		ADDED from AndroidManifest.xml:107:13
	android:name
		ADDED from AndroidManifest.xml:106:13
activity#com.cbo.cbomobilereporting.ui_new.dcr_activities.GetDCR
ADDED from AndroidManifest.xml:108:9
	android:configChanges
		ADDED from AndroidManifest.xml:110:13
	android:name
		ADDED from AndroidManifest.xml:109:13
activity#com.cbo.cbomobilereporting.ui.TotalDrRpt
ADDED from AndroidManifest.xml:111:9
	android:configChanges
		ADDED from AndroidManifest.xml:113:13
	android:name
		ADDED from AndroidManifest.xml:112:13
activity#com.cbo.cbomobilereporting.ui_new.report_activities.TpReports
ADDED from AndroidManifest.xml:114:9
	android:configChanges
		ADDED from AndroidManifest.xml:116:13
	android:name
		ADDED from AndroidManifest.xml:115:13
activity#com.cbo.cbomobilereporting.ui.Dcr_Root_Replan
ADDED from AndroidManifest.xml:117:9
	android:configChanges
		ADDED from AndroidManifest.xml:119:13
	android:name
		ADDED from AndroidManifest.xml:118:13
activity#com.cbo.cbomobilereporting.ui.Dcr_workwith_update
ADDED from AndroidManifest.xml:127:9
	android:windowSoftInputMode
		ADDED from AndroidManifest.xml:129:13
	android:configChanges
		ADDED from AndroidManifest.xml:130:13
	android:name
		ADDED from AndroidManifest.xml:128:13
activity#com.cbo.cbomobilereporting.ui_new.report_activities.DcrReports
ADDED from AndroidManifest.xml:131:9
	android:configChanges
		ADDED from AndroidManifest.xml:133:13
	android:name
		ADDED from AndroidManifest.xml:132:13
activity#com.cbo.cbomobilereporting.ui.CBOReportView
ADDED from AndroidManifest.xml:134:9
	android:configChanges
		ADDED from AndroidManifest.xml:136:13
	android:name
		ADDED from AndroidManifest.xml:135:13
activity#com.cbo.cbomobilereporting.ui.Dcr_Area_update
ADDED from AndroidManifest.xml:137:9
	android:windowSoftInputMode
		ADDED from AndroidManifest.xml:139:13
	android:configChanges
		ADDED from AndroidManifest.xml:140:13
	android:name
		ADDED from AndroidManifest.xml:138:13
activity#com.cbo.cbomobilereporting.ui.FinalDcrSubmit
ADDED from AndroidManifest.xml:141:9
	android:configChanges
		ADDED from AndroidManifest.xml:143:13
	android:name
		ADDED from AndroidManifest.xml:142:13
activity#com.cbo.cbomobilereporting.ui_new.dcr_activities.DCR_Summary
ADDED from AndroidManifest.xml:144:9
	android:configChanges
		ADDED from AndroidManifest.xml:146:13
	android:name
		ADDED from AndroidManifest.xml:145:13
activity#com.cbo.cbomobilereporting.ui.Stk_Sample
ADDED from AndroidManifest.xml:147:9
	android:configChanges
		ADDED from AndroidManifest.xml:149:13
	android:name
		ADDED from AndroidManifest.xml:148:13
activity#com.cbo.cbomobilereporting.ui.Chm_Sample
ADDED from AndroidManifest.xml:150:9
	android:configChanges
		ADDED from AndroidManifest.xml:152:13
	android:name
		ADDED from AndroidManifest.xml:151:13
activity#com.cbo.cbomobilereporting.ui.DCR_Day_Replan
ADDED from AndroidManifest.xml:153:9
	android:configChanges
		ADDED from AndroidManifest.xml:155:13
	android:name
		ADDED from AndroidManifest.xml:154:13
activity#com.cbo.cbomobilereporting.ui.Dr_Sample
ADDED from AndroidManifest.xml:156:9
	android:configChanges
		ADDED from AndroidManifest.xml:158:13
	android:name
		ADDED from AndroidManifest.xml:157:13
activity#com.cbo.cbomobilereporting.ui.Dr_Gift
ADDED from AndroidManifest.xml:159:9
	android:configChanges
		ADDED from AndroidManifest.xml:161:13
	android:name
		ADDED from AndroidManifest.xml:160:13
activity#com.cbo.cbomobilereporting.ui_new.dcr_activities.Doctor_Sample
ADDED from AndroidManifest.xml:162:9
	android:configChanges
		ADDED from AndroidManifest.xml:164:13
	android:name
		ADDED from AndroidManifest.xml:163:13
activity#com.cbo.cbomobilereporting.ui.SelectedResult
ADDED from AndroidManifest.xml:176:9
	android:configChanges
		ADDED from AndroidManifest.xml:177:13
	android:name
		ADDED from AndroidManifest.xml:176:19
activity#com.cbo.cbomobilereporting.ui.Administrator
ADDED from AndroidManifest.xml:179:9
	android:configChanges
		ADDED from AndroidManifest.xml:180:13
	android:name
		ADDED from AndroidManifest.xml:179:19
activity#com.cbo.cbomobilereporting.ui.PrescribeNew
ADDED from AndroidManifest.xml:182:9
	android:configChanges
		ADDED from AndroidManifest.xml:183:13
	android:name
		ADDED from AndroidManifest.xml:182:19
activity#com.cbo.cbomobilereporting.ui.Prescribed
ADDED from AndroidManifest.xml:185:9
	android:configChanges
		ADDED from AndroidManifest.xml:186:13
	android:name
		ADDED from AndroidManifest.xml:185:19
activity#com.cbo.cbomobilereporting.ui.Chemist_Gift
ADDED from AndroidManifest.xml:187:9
	android:configChanges
		ADDED from AndroidManifest.xml:189:13
	android:name
		ADDED from AndroidManifest.xml:188:13
activity#com.cbo.cbomobilereporting.ui_new.dcr_activities.ReminderCall
ADDED from AndroidManifest.xml:190:9
	android:configChanges
		ADDED from AndroidManifest.xml:192:13
	android:name
		ADDED from AndroidManifest.xml:191:13
activity#com.cbo.cbomobilereporting.ui.Load_New
ADDED from AndroidManifest.xml:193:9
	android:configChanges
		ADDED from AndroidManifest.xml:195:13
	android:name
		ADDED from AndroidManifest.xml:194:13
activity#com.cbo.cbomobilereporting.ui.NonWorking_DCR
ADDED from AndroidManifest.xml:196:9
	android:configChanges
		ADDED from AndroidManifest.xml:198:13
	android:name
		ADDED from AndroidManifest.xml:197:13
activity#com.cbo.cbomobilereporting.ui_new.Mail_Screen
ADDED from AndroidManifest.xml:199:9
	android:configChanges
		ADDED from AndroidManifest.xml:201:13
	android:name
		ADDED from AndroidManifest.xml:200:13
activity#com.cbo.cbomobilereporting.ui.CreateMail
ADDED from AndroidManifest.xml:202:9
	android:configChanges
		ADDED from AndroidManifest.xml:204:13
	android:name
		ADDED from AndroidManifest.xml:203:13
activity#com.cbo.cbomobilereporting.ui.MailTo_PPL
ADDED from AndroidManifest.xml:205:9
	android:configChanges
		ADDED from AndroidManifest.xml:207:13
	android:name
		ADDED from AndroidManifest.xml:206:13
activity#com.cbo.cbomobilereporting.ui.Mail_CC
ADDED from AndroidManifest.xml:208:9
	android:configChanges
		ADDED from AndroidManifest.xml:210:13
	android:name
		ADDED from AndroidManifest.xml:209:13
activity#com.cbo.cbomobilereporting.ui_new.mail_activities.Inbox_Mail
ADDED from AndroidManifest.xml:211:9
	android:configChanges
		ADDED from AndroidManifest.xml:213:13
	android:name
		ADDED from AndroidManifest.xml:212:13
activity#com.cbo.cbomobilereporting.ui.Inbox_Msg
ADDED from AndroidManifest.xml:214:9
	android:configChanges
		ADDED from AndroidManifest.xml:216:13
	android:name
		ADDED from AndroidManifest.xml:215:13
activity#com.cbo.cbomobilereporting.ui_new.mail_activities.Outbox_Mail
ADDED from AndroidManifest.xml:217:9
	android:configChanges
		ADDED from AndroidManifest.xml:219:13
	android:name
		ADDED from AndroidManifest.xml:218:13
activity#com.cbo.cbomobilereporting.ui.Outbox_Msg
ADDED from AndroidManifest.xml:220:9
	android:configChanges
		ADDED from AndroidManifest.xml:222:13
	android:name
		ADDED from AndroidManifest.xml:221:13
activity#com.cbo.cbomobilereporting.ui.Reports
ADDED from AndroidManifest.xml:223:9
	android:configChanges
		ADDED from AndroidManifest.xml:225:13
	android:name
		ADDED from AndroidManifest.xml:224:13
activity#com.cbo.cbomobilereporting.ui_new.report_activities.Logged_UnLogged
ADDED from AndroidManifest.xml:226:9
	android:configChanges
		ADDED from AndroidManifest.xml:228:13
	android:name
		ADDED from AndroidManifest.xml:227:13
activity#com.cbo.cbomobilereporting.ui.Rpt_Detail
ADDED from AndroidManifest.xml:229:9
	android:configChanges
		ADDED from AndroidManifest.xml:231:13
	android:name
		ADDED from AndroidManifest.xml:230:13
activity#com.cbo.cbomobilereporting.ui.Rpt_Unlogged
ADDED from AndroidManifest.xml:232:9
	android:configChanges
		ADDED from AndroidManifest.xml:234:13
	android:name
		ADDED from AndroidManifest.xml:233:13
activity#com.cbo.cbomobilereporting.ui.Location_List
ADDED from AndroidManifest.xml:235:9
	android:configChanges
		ADDED from AndroidManifest.xml:237:13
	android:name
		ADDED from AndroidManifest.xml:236:13
activity#com.cbo.cbomobilereporting.ui.GridViewActivity
ADDED from AndroidManifest.xml:238:9
	android:name
		ADDED from AndroidManifest.xml:238:19
activity#com.cbo.cbomobilereporting.ui.FullScreenViewActivity
ADDED from AndroidManifest.xml:239:9
	android:theme
		ADDED from AndroidManifest.xml:241:13
	android:name
		ADDED from AndroidManifest.xml:240:13
activity#com.cbo.cbomobilereporting.ui_new.utilities_activities.DocPhotos
ADDED from AndroidManifest.xml:242:9
	android:configChanges
		ADDED from AndroidManifest.xml:244:13
	android:name
		ADDED from AndroidManifest.xml:243:13
activity#com.cbo.cbomobilereporting.ui.Show_Sample
ADDED from AndroidManifest.xml:245:9
	android:configChanges
		ADDED from AndroidManifest.xml:247:13
	android:theme
		ADDED from AndroidManifest.xml:248:13
	android:name
		ADDED from AndroidManifest.xml:246:13
activity#com.cbo.cbomobilereporting.ui.DocImgFull
ADDED from AndroidManifest.xml:249:9
	android:configChanges
		ADDED from AndroidManifest.xml:251:13
	android:name
		ADDED from AndroidManifest.xml:250:13
activity#com.cbo.cbomobilereporting.ui.MyUtil
ADDED from AndroidManifest.xml:252:9
	android:configChanges
		ADDED from AndroidManifest.xml:254:13
	android:name
		ADDED from AndroidManifest.xml:253:13
activity#com.cbo.cbomobilereporting.ui_new.utilities_activities.VisualAid_Download
ADDED from AndroidManifest.xml:255:9
	android:configChanges
		ADDED from AndroidManifest.xml:257:13
	android:name
		ADDED from AndroidManifest.xml:256:13
activity#com.cbo.cbomobilereporting.ui.Dcr_Workwith
ADDED from AndroidManifest.xml:258:9
	android:windowSoftInputMode
		ADDED from AndroidManifest.xml:261:13
	android:configChanges
		ADDED from AndroidManifest.xml:260:13
	android:name
		ADDED from AndroidManifest.xml:259:13
activity#com.cbo.cbomobilereporting.ui.Dcr_Area
ADDED from AndroidManifest.xml:262:9
	android:windowSoftInputMode
		ADDED from AndroidManifest.xml:264:13
	android:configChanges
		ADDED from AndroidManifest.xml:265:13
	android:name
		ADDED from AndroidManifest.xml:263:13
activity#com.cbo.cbomobilereporting.ui.Dr_Workwith
ADDED from AndroidManifest.xml:268:9
	android:configChanges
		ADDED from AndroidManifest.xml:270:13
	android:name
		ADDED from AndroidManifest.xml:269:13
activity#com.cbo.cbomobilereporting.ui.AnotherActivity
ADDED from AndroidManifest.xml:271:9
	android:configChanges
		ADDED from AndroidManifest.xml:273:13
	android:name
		ADDED from AndroidManifest.xml:272:13
activity#com.cbo.cbomobilereporting.ui_new.utilities_activities.Upload_Photo
ADDED from AndroidManifest.xml:274:9
	android:configChanges
		ADDED from AndroidManifest.xml:276:13
	android:name
		ADDED from AndroidManifest.xml:275:13
activity#com.cbo.cbomobilereporting.ui.LoginFake
ADDED from AndroidManifest.xml:277:9
	android:configChanges
		ADDED from AndroidManifest.xml:279:13
	android:name
		ADDED from AndroidManifest.xml:278:13
activity#com.cbo.cbomobilereporting.ui_new.mail_activities.CreateMail1
ADDED from AndroidManifest.xml:280:9
	android:configChanges
		ADDED from AndroidManifest.xml:282:13
	android:name
		ADDED from AndroidManifest.xml:281:13
activity#com.cbo.cbomobilereporting.ui.DrVisitedList
ADDED from AndroidManifest.xml:283:9
	android:configChanges
		ADDED from AndroidManifest.xml:285:13
	android:name
		ADDED from AndroidManifest.xml:284:13
activity#com.cbo.cbomobilereporting.ui.TpReport_View
ADDED from AndroidManifest.xml:286:9
	android:configChanges
		ADDED from AndroidManifest.xml:288:13
	android:name
		ADDED from AndroidManifest.xml:287:13
activity#com.cbo.cbomobilereporting.ui.TotalChemistRpt
ADDED from AndroidManifest.xml:290:9
	android:configChanges
		ADDED from AndroidManifest.xml:292:13
	android:name
		ADDED from AndroidManifest.xml:291:13
activity#com.cbo.cbomobilereporting.ui.TotalStockistRpt
ADDED from AndroidManifest.xml:293:9
	android:configChanges
		ADDED from AndroidManifest.xml:295:13
	android:name
		ADDED from AndroidManifest.xml:294:13
activity#com.cbo.cbomobilereporting.ui_new.utilities_activities.CaptureSignatureMain
ADDED from AndroidManifest.xml:296:9
	android:configChanges
		ADDED from AndroidManifest.xml:297:13
	android:name
		ADDED from AndroidManifest.xml:296:19
activity#com.cbo.cbomobilereporting.ui_new.report_activities.Spo_Report
ADDED from AndroidManifest.xml:298:9
	android:configChanges
		ADDED from AndroidManifest.xml:299:13
	android:name
		ADDED from AndroidManifest.xml:298:19
activity#com.cbo.cbomobilereporting.ui.SpoReportDetail
ADDED from AndroidManifest.xml:301:9
	android:screenOrientation
		ADDED from AndroidManifest.xml:303:13
	android:configChanges
		ADDED from AndroidManifest.xml:302:13
	android:name
		ADDED from AndroidManifest.xml:301:19
activity#com.cbo.cbomobilereporting.ui.LayoutZoomer
ADDED from AndroidManifest.xml:306:9
	android:screenOrientation
		ADDED from AndroidManifest.xml:307:13
	android:configChanges
		ADDED from AndroidManifest.xml:308:13
	android:name
		ADDED from AndroidManifest.xml:306:19
activity#com.cbo.cbomobilereporting.ui.TpPendingWebView
ADDED from AndroidManifest.xml:309:9
	android:configChanges
		ADDED from AndroidManifest.xml:310:13
	android:name
		ADDED from AndroidManifest.xml:309:19
activity#com.cbo.cbomobilereporting.ui.AppView
ADDED from AndroidManifest.xml:319:9
	android:configChanges
		ADDED from AndroidManifest.xml:321:13
	android:name
		ADDED from AndroidManifest.xml:320:13
activity#com.cbo.cbomobilereporting.ui.DcrRoot
ADDED from AndroidManifest.xml:322:9
	android:configChanges
		ADDED from AndroidManifest.xml:324:13
	android:name
		ADDED from AndroidManifest.xml:323:13
activity#com.cbo.cbomobilereporting.ui_new.dcr_activities.root.ExpenseRoot
ADDED from AndroidManifest.xml:325:9
	android:configChanges
		ADDED from AndroidManifest.xml:327:13
	android:name
		ADDED from AndroidManifest.xml:326:13
activity#com.cbo.cbomobilereporting.ui_new.dcr_activities.root.DcrRootOpen
ADDED from AndroidManifest.xml:328:9
	android:configChanges
		ADDED from AndroidManifest.xml:330:13
	android:name
		ADDED from AndroidManifest.xml:329:13
activity#com.cbo.cbomobilereporting.ui.AppList
ADDED from AndroidManifest.xml:331:9
	android:configChanges
		ADDED from AndroidManifest.xml:333:13
	android:name
		ADDED from AndroidManifest.xml:332:13
activity#com.cbo.cbomobilereporting.ui.Sec_Stk_Sample
ADDED from AndroidManifest.xml:334:9
	android:windowSoftInputMode
		ADDED from AndroidManifest.xml:336:13
	android:configChanges
		ADDED from AndroidManifest.xml:337:13
	android:name
		ADDED from AndroidManifest.xml:335:13
service#services.SendToServer
ADDED from AndroidManifest.xml:340:9
	android:name
		ADDED from AndroidManifest.xml:340:18
service#services.Sync_service
ADDED from AndroidManifest.xml:341:9
	android:enabled
		ADDED from AndroidManifest.xml:343:13
	android:name
		ADDED from AndroidManifest.xml:342:13
service#utils.locationUtils.ThreadLocation
ADDED from AndroidManifest.xml:349:9
	android:enabled
		ADDED from AndroidManifest.xml:351:13
	android:name
		ADDED from AndroidManifest.xml:350:13
service#utils.locationUtils.DBLocation_Service
ADDED from AndroidManifest.xml:352:9
	android:enabled
		ADDED from AndroidManifest.xml:354:13
	android:name
		ADDED from AndroidManifest.xml:353:13
receiver#receivers.MyStartServiceReceiver
ADDED from AndroidManifest.xml:357:9
	android:enabled
		ADDED from AndroidManifest.xml:359:13
	android:name
		ADDED from AndroidManifest.xml:358:13
meta-data#com.google.android.gms.version
ADDED from AndroidManifest.xml:361:9
	android:name
		ADDED from AndroidManifest.xml:362:13
	android:value
		ADDED from AndroidManifest.xml:363:13
activity#com.cbo.cbomobilereporting.ui.Sec_Sales
ADDED from AndroidManifest.xml:365:9
	android:label
		ADDED from AndroidManifest.xml:367:13
	android:name
		ADDED from AndroidManifest.xml:366:13
activity#com.cbo.cbomobilereporting.ui.Route_Replan
ADDED from AndroidManifest.xml:369:9
	android:label
		ADDED from AndroidManifest.xml:371:13
	android:name
		ADDED from AndroidManifest.xml:370:13
activity#com.cbo.cbomobilereporting.ui_new.report_activities.DrWiseVisit
ADDED from AndroidManifest.xml:373:9
	android:label
		ADDED from AndroidManifest.xml:375:13
	android:name
		ADDED from AndroidManifest.xml:374:13
activity#com.cbo.cbomobilereporting.ui.Leave_Request
ADDED from AndroidManifest.xml:378:9
	android:windowSoftInputMode
		ADDED from AndroidManifest.xml:380:13
	android:configChanges
		ADDED from AndroidManifest.xml:381:13
	android:name
		ADDED from AndroidManifest.xml:379:13